f136	mt_app_type_832 	77
f134	mt_app_type_840 	40
f10	mt_img_count_show	989
f97	mt_vtype_8 	26
f12	bh_dssm_score	2668
f131	mt_fields_27 	76
f11	bh_lcf_score0	6230
f130	mt_fields_18 	201
f14	clk_real_thirty	579
f13	clk_biased_thirty	396
f16	ctr_real_thirty	3286
f15	imp_thirty	6005
f18	clk_real_sixty	310
f17	ctr_biased_thirty	1192
f19	clk_biased_sixty	43
f139	mt_app_type_833 	2
f21	ctr_real_sixty	1742
f122	mt_fields_31 	3
f20	imp_sixty	573
f23	clk_real_2h	501
f22	ctr_biased_sixty	336
f25	imp_2h	241
f24	clk_biased_2h	26
f27	ctr_biased_2h	72
f26	ctr_real_2h	349
f29	clk_biased_4h	19
f28	clk_real_4h	359
f129	mt_fields_26 	330
f30	imp_4h	475
f32	ctr_biased_4h	134
f31	ctr_real_4h	712
f154	mt_app_type_1088 	73
f153	mt_app_type_576 	34
f34	clk_biased_8h	33
f152	mt_app_type_2880 	69
f33	clk_real_8h	586
f36	ctr_real_8h	444
f35	imp_8h	475
f38	clk_real_16h	545
f37	ctr_biased_8h	103
f39	clk_biased_16h	74
f41	ctr_real_16h	562
f40	imp_16h	717
f43	clk_real_24h	269
f144	mt_app_type_1856 	1
f143	mt_app_type_64 	218
f42	ctr_biased_16h	227
f45	imp_24h	412
f44	clk_biased_24h	62
f47	ctr_biased_24h	91
f140	mt_app_type_320 	37
f46	ctr_real_24h	247
f49	clk_biased_48h	580
f48	clk_real_48h	1693
f50	imp_48h	1998
f52	ctr_biased_48h	1160
f179	cp_pst_5 	19
f51	ctr_real_48h	2046
f178	cp_pst_4 	28
f54	clk_biased_36h	107
f177	cp_pst_3 	28
f53	clk_real_36h	453
f56	ctr_real_36h	844
f175	cp_bhv_-1 	81
f55	imp_36h	848
f174	cp_bhv_2 	45
f58	bh_cls_mt_classes_cos	5648
f173	cp_bhv_1 	64
f172	cp_bhv_4 	997
f57	ctr_biased_36h	342
f171	cp_bhv_0 	43
f1	mt_time_length	1234
f59	bh_scls_mt_classes_cos	4177
f170	cp_bhv_3 	160
f2	mt_tscore	1218
f3	mt_qscore	524
f4	mt_title_len	829
f5	bh_comment_count	1367
f8	bh_pctr	1404
f9	mt_ugc_score	1
f61	bh_rtlabel_mt_labels_cos	1510
f203	cp_isweekend_TRUE 	24
f60	bh_rtclasses_mt_classes_cos	1897
f169	bh_conn_type_6 	25
f202	cp_week_6 	20
f168	bh_conn_type_2 	2101
f201	cp_week_2 	24
f62	mt_vty_0 	559
f200	cp_week_5 	24
f167	bh_conn_type_5 	2
f65	mt_img_ty_0 	55
f166	bh_conn_type_4 	26
f64	mt_vty_1 	130
f67	mt_img_ty_1 	3
f69	bh_os_android 	849
f206	lcf_tag_0 	707
f70	bh_os_iphone 	537
f115	mt_fields_30 	19
f71	cp_ulevel_3 	3563
f74	cp_ulevel_2 	177
f73	cp_ulevel_1 	485
f199	cp_week_1 	105
f76	mt_ty_3 	10
f198	cp_week_4 	38
f196	cp_week_0 	8
f195	cp_week_3 	30
f79	mt_ty_1 	79
f193	cp_pst_12 	100
f192	cp_pst_11 	6
f191	cp_pst_9 	21
f190	cp_pst_10 	21
f118	mt_fields_23 	4
f117	mt_fields_22 	1
f83	mt_ty_9 	46
f104	mt_edit_level_1 	23
f82	mt_ty_10 	10
f100	mt_edit_level_3 	32
f188	cp_pst_2 	12
f187	cp_pst_8 	107
f86	mt_media_level_3 	18
f186	cp_pst_1 	14
f89	mt_media_level_1 	32
f185	cp_pst_0 	37
f184	cp_pst_15 	1302
f183	cp_pst_7 	60
f182	cp_pst_14 	80
f181	cp_pst_6 	7
f180	cp_pst_13 	107
f109	mt_fields_19 	1
f90	mt_media_level_2 	42
f106	mt_edit_level_99 	176
f92	mt_media_level_65535 	3
f91	mt_media_level_-1 	17
